2026/04/11 02:35:12 server.go:28: Config & Logger Loaded! App: Ayaka Backend | Port: 8000
{"timestamp":"2026-04-11 16:27:29","level":"INFO","line":{"function":"be-ayaka/cmd.init.func1","file":"C:/Z - Temporary File/Code/Template/be-ayaka/cmd/server.go","line":29},"message":"Config & Logger Already Loaded","app":"Ayaka Backend","port":8000,"user_id":"SYSTEM"}
{"timestamp":"2026-04-11 16:27:29","level":"WARN","line":{"function":"be-ayaka/cmd.init.func1","file":"C:/Z - Temporary File/Code/Template/be-ayaka/cmd/server.go","line":30},"message":"Preparing Bootstrap & Fiber","app":"Ayaka Backend","port":8000,"user_id":"SYSTEM"}
{"timestamp":"2026-04-11 18:05:44","level":"INFO","line":{"function":"be-ayaka/cmd.init.func1","file":"C:/Z - Temporary File/Code/Template/be-ayaka/cmd/server.go","line":29},"message":"Config & Logger Already Loaded","app":"Ayaka Backend","port":8000,"user_id":"SYSTEM"}
{"timestamp":"2026-04-11 18:05:44","level":"WARN","line":{"function":"be-ayaka/cmd.init.func1","file":"C:/Z - Temporary File/Code/Template/be-ayaka/cmd/server.go","line":32},"message":"Preparing Bootstrap & Fiber","app":"Ayaka Backend","port":8000,"user_id":"SYSTEM"}
{"timestamp":"2026-04-11 18:05:44","level":"INFO","line":{"function":"be-ayaka/internal/bootstrap.Run.func1","file":"C:/Z - Temporary File/Code/Template/be-ayaka/internal/bootstrap/bootstrap.go","line":30},"message":"Running on port 8000","app":"Ayaka Backend","port":8000,"user_id":"SYSTEM"}
{"timestamp":"2026-04-11 18:07:43","level":"WARN","line":{"function":"be-ayaka/internal/bootstrap.Run","file":"C:/Z - Temporary File/Code/Template/be-ayaka/internal/bootstrap/bootstrap.go","line":42},"message":"Start Graceful Shutdown process","app":"Ayaka Backend","port":8000,"user_id":"SYSTEM"}
{"timestamp":"2026-04-11 18:07:43","level":"INFO","line":{"function":"be-ayaka/internal/bootstrap.Run","file":"C:/Z - Temporary File/Code/Template/be-ayaka/internal/bootstrap/bootstrap.go","line":51},"message":"🌸 Ayaka Server shutdown complete","app":"Ayaka Backend","port":8000,"user_id":"SYSTEM"}
{"timestamp":"2026-04-11 18:08:05","level":"INFO","line":{"function":"be-ayaka/cmd.init.func1","file":"C:/Z - Temporary File/Code/Template/be-ayaka/cmd/server.go","line":29},"message":"Config & Logger Already Loaded","app":"Ayaka Backend","port":8000,"user_id":"SYSTEM"}
{"timestamp":"2026-04-11 18:08:05","level":"WARN","line":{"function":"be-ayaka/cmd.init.func1","file":"C:/Z - Temporary File/Code/Template/be-ayaka/cmd/server.go","line":32},"message":"Preparing Bootstrap & Fiber","app":"Ayaka Backend","port":8000,"user_id":"SYSTEM"}
{"timestamp":"2026-04-11 18:08:05","level":"INFO","line":{"function":"be-ayaka/internal/bootstrap.Run.func1","file":"C:/Z - Temporary File/Code/Template/be-ayaka/internal/bootstrap/bootstrap.go","line":31},"message":"Running on port 8000","app":"Ayaka Backend","port":8000,"user_id":"SYSTEM"}
{"timestamp":"2026-04-11 18:08:35","level":"INFO","line":{"function":"runtime.goexit","file":"C:/Program Files/Go/src/runtime/asm_amd64.s","line":1693},"message":"Ayaka Server is running","app":"Ayaka Backend","port":8000,"user_id":"SYSTEM"}
{"timestamp":"2026-04-11 18:30:12","level":"WARN","line":{"function":"be-ayaka/internal/bootstrap.Run","file":"C:/Z - Temporary File/Code/Template/be-ayaka/internal/bootstrap/bootstrap.go","line":43},"message":"Start Graceful Shutdown process","app":"Ayaka Backend","port":8000,"user_id":"SYSTEM"}
{"timestamp":"2026-04-11 18:30:12","level":"INFO","line":{"function":"be-ayaka/internal/bootstrap.Run","file":"C:/Z - Temporary File/Code/Template/be-ayaka/internal/bootstrap/bootstrap.go","line":52},"message":"🌸 Ayaka Server shutdown complete","app":"Ayaka Backend","port":8000,"user_id":"SYSTEM"}
{"timestamp":"2026-04-12 00:20:59","level":"INFO","line":{"function":"be-ayaka/cmd.init.func1","file":"C:/Z - Temporary File/Code/Template/be-ayaka/cmd/server.go","line":29},"message":"Config & Logger Already Loaded","app":"Ayaka Backend","port":8000,"user_id":"SYSTEM"}
{"timestamp":"2026-04-12 00:20:59","level":"WARN","line":{"function":"be-ayaka/cmd.init.func1","file":"C:/Z - Temporary File/Code/Template/be-ayaka/cmd/server.go","line":32},"message":"Preparing Bootstrap & Fiber","app":"Ayaka Backend","port":8000,"user_id":"SYSTEM"}
{"timestamp":"2026-04-12 00:20:59","level":"ERROR","line":{"function":"be-ayaka/internal/adapter/database.NewPostgresConnection","file":"C:/Z - Temporary File/Code/Template/be-ayaka/internal/adapter/database/postgres.go","line":32},"message":"Failed to connect to database: failed to connect to `user=password= database=sslmode=disable`:\n\thostname resolving error: lookup port=0: no such host\n\tlookup port=0: no such host","app":"Ayaka Backend","port":8000,"user_id":"SYSTEM"}
{"timestamp":"2026-04-12 00:20:59","level":"INFO","message":"Failed to connect to database: failed to connect to `user=password= database=sslmode=disable`:\n\thostname resolving error: lookup port=0: no such host\n\tlookup port=0: no such host","app":"Ayaka Backend","port":8000}
{"timestamp":"2026-04-12 00:30:43","level":"INFO","line":{"function":"be-ayaka/cmd.init.func1","file":"C:/Z - Temporary File/Code/Template/be-ayaka/cmd/server.go","line":29},"message":"Config & Logger Already Loaded","app":"Ayaka Backend","port":8000,"user_id":"SYSTEM"}
{"timestamp":"2026-04-12 00:30:43","level":"WARN","line":{"function":"be-ayaka/cmd.init.func1","file":"C:/Z - Temporary File/Code/Template/be-ayaka/cmd/server.go","line":32},"message":"Preparing Bootstrap & Fiber","app":"Ayaka Backend","port":8000,"user_id":"SYSTEM"}
{"timestamp":"2026-04-12 00:30:43","level":"ERROR","line":{"function":"be-ayaka/internal/adapter/database.NewPostgresConnection","file":"C:/Z - Temporary File/Code/Template/be-ayaka/internal/adapter/database/postgres.go","line":32},"message":"Failed to connect to database: failed to connect to `user=password= database=sslmode=disable`:\n\thostname resolving error: lookup port=0: no such host\n\tlookup port=0: no such host","app":"Ayaka Backend","port":8000,"user_id":"SYSTEM"}
{"timestamp":"2026-04-12 00:30:43","level":"INFO","message":"Failed to connect to database: failed to connect to `user=password= database=sslmode=disable`:\n\thostname resolving error: lookup port=0: no such host\n\tlookup port=0: no such host","app":"Ayaka Backend","port":8000}
{"timestamp":"2026-04-12 01:41:26","level":"INFO","line":{"function":"be-ayaka/cmd.init.func1","file":"C:/Z - Temporary File/Code/Template/be-ayaka/cmd/server.go","line":29},"message":"Config & Logger Already Loaded","app":"Ayaka Backend","port":8000,"user_id":"SYSTEM"}
{"timestamp":"2026-04-12 01:41:26","level":"WARN","line":{"function":"be-ayaka/cmd.init.func1","file":"C:/Z - Temporary File/Code/Template/be-ayaka/cmd/server.go","line":32},"message":"Preparing Bootstrap & Fiber","app":"Ayaka Backend","port":8000,"user_id":"SYSTEM"}
{"timestamp":"2026-04-12 01:41:26","level":"ERROR","line":{"function":"be-ayaka/internal/adapter/database.NewPostgresConnection","file":"C:/Z - Temporary File/Code/Template/be-ayaka/internal/adapter/database/postgres.go","line":32},"message":"Failed to connect to database: failed to connect to `user=postgres database=ayaka_db`: [::1]:5432 (localhost): failed SASL auth: FATAL: password authentication failed for user \"postgres\" (SQLSTATE 28P01)","app":"Ayaka Backend","port":8000,"user_id":"SYSTEM"}
{"timestamp":"2026-04-12 01:41:26","level":"INFO","message":"Failed to connect to database: failed to connect to `user=postgres database=ayaka_db`: [::1]:5432 (localhost): failed SASL auth: FATAL: password authentication failed for user \"postgres\" (SQLSTATE 28P01)","app":"Ayaka Backend","port":8000}
{"timestamp":"2026-04-12 01:49:45","level":"INFO","line":{"function":"be-ayaka/cmd.init.func1","file":"C:/Z - Temporary File/Code/Template/be-ayaka/cmd/server.go","line":29},"message":"Config & Logger Already Loaded","app":"Ayaka Backend","port":8000,"user_id":"SYSTEM"}
{"timestamp":"2026-04-12 01:49:45","level":"WARN","line":{"function":"be-ayaka/cmd.init.func1","file":"C:/Z - Temporary File/Code/Template/be-ayaka/cmd/server.go","line":32},"message":"Preparing Bootstrap & Fiber","app":"Ayaka Backend","port":8000,"user_id":"SYSTEM"}
{"timestamp":"2026-04-12 01:49:45","level":"INFO","line":{"function":"be-ayaka/internal/adapter/database.NewPostgresConnection","file":"C:/Z - Temporary File/Code/Template/be-ayaka/internal/adapter/database/postgres.go","line":36},"message":"Success connect to database!","app":"Ayaka Backend","port":8000,"user_id":"SYSTEM"}
{"timestamp":"2026-04-12 01:49:45","level":"INFO","line":{"function":"be-ayaka/internal/bootstrap.Run.func1","file":"C:/Z - Temporary File/Code/Template/be-ayaka/internal/bootstrap/bootstrap.go","line":36},"message":"Running on port 8000","app":"Ayaka Backend","port":8000,"user_id":"SYSTEM"}
{"timestamp":"2026-04-12 01:50:31","level":"WARN","line":{"function":"be-ayaka/internal/bootstrap.Run","file":"C:/Z - Temporary File/Code/Template/be-ayaka/internal/bootstrap/bootstrap.go","line":48},"message":"Start Graceful Shutdown process","app":"Ayaka Backend","port":8000,"user_id":"SYSTEM"}
{"timestamp":"2026-04-12 01:50:31","level":"INFO","line":{"function":"be-ayaka/internal/bootstrap.Run","file":"C:/Z - Temporary File/Code/Template/be-ayaka/internal/bootstrap/bootstrap.go","line":57},"message":"🌸 Ayaka Server shutdown complete","app":"Ayaka Backend","port":8000,"user_id":"SYSTEM"}
